<?xml version="1.0" encoding="UTF-8"?>
<!-- Generated by org.testng.reporters.JUnitReportReporter -->
<testsuite hostname="Dinesh" failures="0" tests="2" name="FaliedTC.ng.TestScript" time="45.821" errors="0" timestamp="07 Sep 2020 08:09:04 GMT" skipped="1">
  <testcase classname="FaliedTC.ng.TestScript" name="automationwebsite" time="45.821"/>
  <testcase classname="FaliedTC.ng.TestScript" name="test1">
    <skipped/>
  </testcase> <!-- test1 -->
</testsuite> <!-- FaliedTC.ng.TestScript -->
